----------

Sun Oct 08 2023 11:42:53 GMT-0700 (Pacific Daylight Time)

To https://github.com/zzhi38/jzathletics-web.git
   29bc4c8..1da61bf  main -> main


----------

Sun Oct 08 2023 15:42:15 GMT-0700 (Pacific Daylight Time)

To https://github.com/zzhi38/jzathletics-web.git
   1da61bf..03f0222  main -> main


----------

Sun Oct 08 2023 15:42:55 GMT-0700 (Pacific Daylight Time)

To https://github.com/zzhi38/jzathletics-web.git
   03f0222..81a828a  main -> main


----------

Sun Oct 08 2023 16:33:45 GMT-0700 (Pacific Daylight Time)

To https://github.com/zzhi38/jzathletics-web.git
   81a828a..521145a  main -> main


----------

Sun Oct 08 2023 16:35:30 GMT-0700 (Pacific Daylight Time)

To https://github.com/zzhi38/jzathletics-web.git
   521145a..b7374a0  main -> main


----------

Tue Oct 10 2023 16:55:45 GMT-0700 (Pacific Daylight Time)

To https://github.com/zzhi38/jzathletics-web.git
   b7374a0..7b92548  main -> main


----------

Sun Nov 19 2023 16:44:19 GMT-0800 (Pacific Standard Time)

To https://github.com/zzhi38/jzathletics-web.git
   7b92548..53fcfc6  main -> main


----------

Sun Nov 19 2023 16:45:27 GMT-0800 (Pacific Standard Time)

To https://github.com/zzhi38/jzathletics-web.git
   53fcfc6..2c08a82  main -> main


----------

Sun Nov 19 2023 16:49:53 GMT-0800 (Pacific Standard Time)

To https://github.com/zzhi38/jzathletics-web.git
   2c08a82..1eed377  main -> main


----------

Sun Nov 19 2023 16:52:05 GMT-0800 (Pacific Standard Time)

To https://github.com/zzhi38/jzathletics-web.git
   1eed377..de72f80  main -> main


----------

Tue Nov 21 2023 12:31:29 GMT-0800 (Pacific Standard Time)

To https://github.com/zzhi38/jzathletics-web.git
   de72f80..5177bb7  main -> main


----------

Tue Nov 21 2023 12:38:49 GMT-0800 (Pacific Standard Time)

To https://github.com/zzhi38/jzathletics-web.git
   5177bb7..16b4331  main -> main


----------

Tue Nov 21 2023 12:42:13 GMT-0800 (Pacific Standard Time)

To https://github.com/zzhi38/jzathletics-web.git
   16b4331..52ae3ff  main -> main


----------

Tue Nov 21 2023 12:43:42 GMT-0800 (Pacific Standard Time)

To https://github.com/zzhi38/jzathletics-web.git
   52ae3ff..7f04273  main -> main


